<?xml version="1.0" encoding="UTF-8"?>
<!-- Generated by org.testng.reporters.JUnitReportReporter -->
<testsuite hostname="CDC2-D-4B74N62" name="Demo1.hac1.NewTest" tests="1" failures="0" timestamp="16 Sep 2019 08:57:11 GMT" time="0.022" errors="0">
  <testcase name="b" time="0.022" classname="Demo1.hac1.NewTest"/>
</testsuite> <!-- Demo1.hac1.NewTest -->
