<?xml version="1.0" encoding="UTF-8"?>
<!-- Generated by org.testng.reporters.JUnitReportReporter -->
<testsuite hostname="CDC2-D-4B74N62" name="Demo1.hac1.NewTest2" tests="2" failures="0" timestamp="16 Sep 2019 10:31:36 GMT" time="0.015" errors="0">
  <testcase name="f" time="0.000" classname="Demo1.hac1.NewTest2"/>
  <testcase name="f" time="0.015" classname="Demo1.hac1.NewTest2"/>
</testsuite> <!-- Demo1.hac1.NewTest2 -->
