<?xml version="1.0" encoding="UTF-8"?>
<!-- Generated by org.testng.reporters.JUnitReportReporter -->
<testsuite hostname="CDC2-D-4B74N62" name="Demo1.hac1.Test1" tests="2" failures="0" timestamp="16 Sep 2019 10:07:56 GMT" time="0.016" errors="0">
  <testcase name="f" time="0.000" classname="Demo1.hac1.Test1"/>
  <testcase name="f1" time="0.016" classname="Demo1.hac1.Test1"/>
</testsuite> <!-- Demo1.hac1.Test1 -->
